#
# A fatal error has been detected by the Java Runtime Environment:
#
#  EXCEPTION_ACCESS_VIOLATION (0xc0000005) at pc=0x00007ff847c5c176, pid=20212, tid=8808
#
# JRE version: OpenJDK Runtime Environment Temurin-21+35 (21.0+35) (build 21+35-LTS)
# Java VM: OpenJDK 64-Bit Server VM Temurin-21+35 (21+35-LTS, mixed mode, emulated-client, sharing, tiered, compressed oops, compressed class ptrs, g1 gc, windows-amd64)
# Problematic frame:
# V  [jvm.dll+0xc176]
#
# No core dump will be written. Minidumps are not enabled by default on client versions of Windows
#
# If you would like to submit a bug report, please visit:
#   https://github.com/adoptium/adoptium-support/issues
#

---------------  S U M M A R Y ------------

Command Line: -XX:TieredStopAtLevel=1 -Dfile.encoding=windows-1251 -Duser.country=RU -Duser.language=ru -Duser.variant com.freddypizza.website.ApplicationKt

Host: AMD FX(tm)-8320 Eight-Core Processor           , 8 cores, 15G,  Windows 10 , 64 bit Build 19041 (10.0.19041.5915)
Time: Fri Jun 13 14:41:36 2025 RTZ 2 (s 10 , 64 bit Build 19041 (10.0.19041.5915) elapsed time: 8.784198 seconds (0d 0h 0m 8s)

---------------  T H R E A D  ---------------

Current thread (0x0000020ac1a04e40):  WorkerThread "G1 Conc#1"      [id=8808, stack(0x00000081b3300000,0x00000081b3400000) (1024K)]

Stack: [0x00000081b3300000,0x00000081b3400000],  sp=0x00000081b33ff788,  free space=1021k
Native frames: (J=compiled Java code, j=interpreted, Vv=VM code, C=native code)
V  [jvm.dll+0xc176]


siginfo: EXCEPTION_ACCESS_VIOLATION (0xc0000005), reading address 0x0000020b6020932f


Registers:
RAX=0x0000000004000802, RBX=0x0000020ae7a2d101, RCX=0x0000000701e174d8, RDX=0x0000000701e174d8
RSP=0x00000081b33ff788, RBP=0x0000000000000000, RSI=0x0000020ae7a17bf0, RDI=0x0000000701e174d8
R8 =0x0000020b60209327, R9 =0x000000000000000b, R10=0x0000020ae79c2340, R11=0x0000000000000003
R12=0x0000000000000000, R13=0xaaaaaaaaaaaaaaab, R14=0x0000000000000001, R15=0x00000081b33ff910
RIP=0x00007ff847c5c176, EFLAGS=0x0000000000010206


Register to memory mapping:

RAX=0x0000000004000802 is an unknown value
RBX=0x0000020ae7a2d101 points into unknown readable memory: 00 00 00 00 00 00 00
RCX=0x0000000701e174d8 is pointing into object: java.util.LinkedHashMap$Entry 
{0x0000000701e174d0} - klass: 'java/util/LinkedHashMap$Entry'
 - ---- fields (total size 5 words):
 - final 'hash' 'I' @12  2017878914 (0x78466382)
 - final 'key' 'Ljava/lang/Object;' @16  a 'java/lang/Class'{0x0000000701049938} = 'org/springframework/boot/autoconfigure/condition/ConditionalOnProperty' (0xe0209327)
 - 'value' 'Ljava/lang/Object;' @20  a 'jdk/proxy2/$Proxy45'{0x0000000701e174f8} (0xe03c2e9f)
 - 'next' 'Ljava/util/HashMap$Node;' @24  null (0x00000000)
 - 'before' 'Ljava/util/LinkedHashMap$Entry;' @28  a 'java/util/LinkedHashMap$Entry'{0x0000000701e17378} (0xe03c2e6f)
 - 'after' 'Ljava/util/LinkedHashMap$Entry;' @32  a 'java/util/LinkedHashMap$Entry'{0x0000000701e176d8} (0xe03c2edb)
RDX=0x0000000701e174d8 is pointing into object: java.util.LinkedHashMap$Entry 
{0x0000000701e174d0} - klass: 'java/util/LinkedHashMap$Entry'
 - ---- fields (total size 5 words):
 - final 'hash' 'I' @12  2017878914 (0x78466382)
 - final 'key' 'Ljava/lang/Object;' @16  a 'java/lang/Class'{0x0000000701049938} = 'org/springframework/boot/autoconfigure/condition/ConditionalOnProperty' (0xe0209327)
 - 'value' 'Ljava/lang/Object;' @20  a 'jdk/proxy2/$Proxy45'{0x0000000701e174f8} (0xe03c2e9f)
 - 'next' 'Ljava/util/HashMap$Node;' @24  null (0x00000000)
 - 'before' 'Ljava/util/LinkedHashMap$Entry;' @28  a 'java/util/LinkedHashMap$Entry'{0x0000000701e17378} (0xe03c2e6f)
 - 'after' 'Ljava/util/LinkedHashMap$Entry;' @32  a 'java/util/LinkedHashMap$Entry'{0x0000000701e176d8} (0xe03c2edb)
RSP=0x00000081b33ff788 points into unknown readable memory: 0x00007ff847f6944a | 4a 94 f6 47 f8 7f 00 00
RBP=0x0 is null
RSI=0x0000020ae7a17bf0 points into unknown readable memory: 0x0000020ae7a28610 | 10 86 a2 e7 0a 02 00 00
RDI=0x0000000701e174d8 is pointing into object: java.util.LinkedHashMap$Entry 
{0x0000000701e174d0} - klass: 'java/util/LinkedHashMap$Entry'
 - ---- fields (total size 5 words):
 - final 'hash' 'I' @12  2017878914 (0x78466382)
 - final 'key' 'Ljava/lang/Object;' @16  a 'java/lang/Class'{0x0000000701049938} = 'org/springframework/boot/autoconfigure/condition/ConditionalOnProperty' (0xe0209327)
 - 'value' 'Ljava/lang/Object;' @20  a 'jdk/proxy2/$Proxy45'{0x0000000701e174f8} (0xe03c2e9f)
 - 'next' 'Ljava/util/HashMap$Node;' @24  null (0x00000000)
 - 'before' 'Ljava/util/LinkedHashMap$Entry;' @28  a 'java/util/LinkedHashMap$Entry'{0x0000000701e17378} (0xe03c2e6f)
 - 'after' 'Ljava/util/LinkedHashMap$Entry;' @32  a 'java/util/LinkedHashMap$Entry'{0x0000000701e176d8} (0xe03c2edb)
R8 =0x0000020b60209327 is an unknown value
R9 =0x000000000000000b is an unknown value
R10=0x0000020ae79c2340 points into unknown readable memory: 0x00007ff848669478 | 78 94 66 48 f8 7f 00 00
R11=0x0000000000000003 is an unknown value
R12=0x0 is null
R13=0xaaaaaaaaaaaaaaab is an unknown value
R14=0x0000000000000001 is an unknown value
R15=0x00000081b33ff910 points into unknown readable memory: 0x0000020ae7a17bf0 | f0 7b a1 e7 0a 02 00 00

Top of Stack: (sp=0x00000081b33ff788)
0x00000081b33ff788:   00007ff847f6944a 0000020ae7a2d140
0x00000081b33ff798:   00000081b33ff830 0000000701e17458
0x00000081b33ff7a8:   00007ff847f6921f 0000000701e174d8
0x00000081b33ff7b8:   00007ff847f6921f 0000020ae7a2d140
0x00000081b33ff7c8:   00000081b33ff950 0000000701e17458
0x00000081b33ff7d8:   00007ff847f66c1d 00000081b33ff950
0x00000081b33ff7e8:   00007ff847f6735d 0000000701e1744c
0x00000081b33ff7f8:   0000000000000001 00000081b33ff910
0x00000081b33ff808:   0000000000000001 0000020a801a1fc8
0x00000081b33ff818:   00007ff847f66862 000000000000000a
0x00000081b33ff828:   0000000701e17408 00000081b33ff950
0x00000081b33ff838:   0000000000000000 0000020ae7a2d140
0x00000081b33ff848:   00007ff847f84560 0000000701e17408
0x00000081b33ff858:   0000020ae7a17c00 00000081b33ff910
0x00000081b33ff868:   0000020ae7a17c00 0000000701e17408
0x00000081b33ff878:   00007ff847f80e01 00000000002c2e81
0x00000081b33ff888:   00000081b19ff460 0000000701d6dce8
0x00000081b33ff898:   00007ff847f82454 0000000000300000
0x00000081b33ff8a8:   00007ff847f8293c 0000000701e173c8
0x00000081b33ff8b8:   00000000002c2e81 000000000007270e
0x00000081b33ff8c8:   0000000000000000 0000020aff9956a0
0x00000081b33ff8d8:   0000000000000001 0000020ae7a2d140
0x00000081b33ff8e8:   00007ff847f816cf 0000020ae7a2d1d8
0x00000081b33ff8f8:   0000000000000000 00000081b19ff401
0x00000081b33ff908:   0000000000000000 0000020ae7a17bf0
0x00000081b33ff918:   0000020ae7a2d140 0000000701e00000
0x00000081b33ff928:   0000000000040000 0000000701e00000
0x00000081b33ff938:   0000000000040000 0000000000000000
0x00000081b33ff948:   000000000004c4b4 00007ff84866ad68
0x00000081b33ff958:   0000020ae7a2aa40 0000000000000003
0x00000081b33ff968:   0000020ae79c2340 0000020ae7a2d140
0x00000081b33ff978:   00007ff8482e5dd3 c215b08487ffdf3b 

Instructions: (pc=0x00007ff847c5c176)
0x00007ff847c5c076:   48 8b 05 73 0b cc 00 48 8b 48 60 48 8b 04 d1 48
0x00007ff847c5c086:   85 c0 75 08 48 8b 05 67 0b cc 00 c3 48 8b 05 57
0x00007ff847c5c096:   0b cc 00 c3 cc cc cc cc cc cc 8b 05 12 ef c0 00
0x00007ff847c5c0a6:   c3 cc cc cc cc cc cc cc cc cc 0f b6 05 63 05 c1
0x00007ff847c5c0b6:   00 48 8b d1 84 c0 74 16 44 8b 41 08 8b 0d f0 ee
0x00007ff847c5c0c6:   c0 00 49 d3 e0 4c 03 05 de ee c0 00 eb 04 4c 8b
0x00007ff847c5c0d6:   41 08 45 8b 48 08 45 85 c9 7e 0e 41 f6 c1 01 75
0x00007ff847c5c0e6:   53 41 c1 f9 03 49 63 c1 c3 79 49 84 c0 41 b8 0c
0x00007ff847c5c0f6:   00 00 00 8b 05 29 00 c1 00 b9 10 00 00 00 41 0f
0x00007ff847c5c106:   45 c8 ff c8 4c 63 c0 41 8b c1 48 c1 f8 10 0f b6
0x00007ff847c5c116:   c0 48 63 14 11 41 8b c9 83 e1 3f 48 d3 e2 49 8d
0x00007ff847c5c126:   0c 10 49 f7 d0 48 03 c1 49 c1 e8 03 48 c1 e8 03
0x00007ff847c5c136:   49 23 c0 c3 49 8b 00 49 8b c8 48 ff a0 00 01 00
0x00007ff847c5c146:   00 cc cc cc cc cc cc cc cc cc 8b 44 24 30 45 03
0x00007ff847c5c156:   c9 44 2b 4c 24 28 83 c0 0b 44 03 ca 45 03 c8 41
0x00007ff847c5c166:   03 c1 c3 cc cc cc cc cc cc cc 4c 8b c2 48 8b d1
0x00007ff847c5c176:   45 8b 48 08 45 85 c9 7e 0e 41 f6 c1 01 75 56 41
0x00007ff847c5c186:   c1 f9 03 49 63 c1 c3 79 4c 80 3d 84 04 c1 00 00
0x00007ff847c5c196:   b8 0c 00 00 00 b9 10 00 00 00 0f 45 c8 8b 05 7f
0x00007ff847c5c1a6:   ff c0 00 ff c8 4c 63 c0 41 8b c1 48 c1 f8 10 48
0x00007ff847c5c1b6:   63 14 11 41 8b c9 83 e1 3f 0f b6 c0 48 d3 e2 49
0x00007ff847c5c1c6:   8d 0c 10 49 f7 d0 48 03 c1 49 c1 e8 03 48 c1 e8
0x00007ff847c5c1d6:   03 49 23 c0 c3 49 8b 00 49 8b c8 48 ff a0 00 01
0x00007ff847c5c1e6:   00 00 cc cc cc cc cc cc cc cc 48 8b 41 08 0f b7
0x00007ff847c5c1f6:   48 2c 0f b7 40 2a 83 c0 48 03 c1 c3 cc cc cc cc
0x00007ff847c5c206:   cc cc cc cc cc cc cc cc cc cc 48 89 5c 24 08 57
0x00007ff847c5c216:   48 83 ec 20 0f b6 05 1f f3 cb 00 48 8b fa 48 8b
0x00007ff847c5c226:   d9 84 c0 74 4f 48 85 15 c6 ea cb 00 74 38 48 8b
0x00007ff847c5c236:   ca e8 d4 5a 8c 00 48 8b d0 48 85 db 74 25 48 85
0x00007ff847c5c246:   c0 74 20 48 8b c7 f0 48 0f b1 13 74 16 48 85 05
0x00007ff847c5c256:   9e ea cb 00 74 0d 48 8b c8 f0 48 0f b1 13 48 3b
0x00007ff847c5c266:   c1 75 ea 48 8b fa 48 8b c7 48 8b 5c 24 30 48 83 


Stack slot to memory mapping:

stack at sp + 0 slots: 0x00007ff847f6944a jvm.dll
stack at sp + 1 slots: 0x0000020ae7a2d140 points into unknown readable memory: 0x00007ff84866ad48 | 48 ad 66 48 f8 7f 00 00
stack at sp + 2 slots: 0x00000081b33ff830 points into unknown readable memory: 0x00000081b33ff950 | 50 f9 3f b3 81 00 00 00
stack at sp + 3 slots: 0x0000000701e17458 is an oop: java.util.LinkedHashMap$Entry 
{0x0000000701e17458} - klass: 'java/util/LinkedHashMap$Entry'
 - ---- fields (total size 5 words):
 - final 'hash' 'I' @12  111974365 (0x06ac97dd)
 - final 'key' 'Ljava/lang/Object;' @16  "value"{0x0000000701e17480} (0xe03c2e90)
 - 'value' 'Ljava/lang/Object;' @20  a 'java/lang/Class'[3] {0x0000000701e174b0} (0xe03c2e96)
 - 'next' 'Ljava/util/HashMap$Node;' @24  null (0x00000000)
 - 'before' 'Ljava/util/LinkedHashMap$Entry;' @28  null (0x00000000)
 - 'after' 'Ljava/util/LinkedHashMap$Entry;' @32  null (0x00000000)
stack at sp + 4 slots: 0x00007ff847f6921f jvm.dll
stack at sp + 5 slots: 0x0000000701e174d8 is pointing into object: java.util.LinkedHashMap$Entry 
{0x0000000701e174d0} - klass: 'java/util/LinkedHashMap$Entry'
 - ---- fields (total size 5 words):
 - final 'hash' 'I' @12  2017878914 (0x78466382)
 - final 'key' 'Ljava/lang/Object;' @16  a 'java/lang/Class'{0x0000000701049938} = 'org/springframework/boot/autoconfigure/condition/ConditionalOnProperty' (0xe0209327)
 - 'value' 'Ljava/lang/Object;' @20  a 'jdk/proxy2/$Proxy45'{0x0000000701e174f8} (0xe03c2e9f)
 - 'next' 'Ljava/util/HashMap$Node;' @24  null (0x00000000)
 - 'before' 'Ljava/util/LinkedHashMap$Entry;' @28  a 'java/util/LinkedHashMap$Entry'{0x0000000701e17378} (0xe03c2e6f)
 - 'after' 'Ljava/util/LinkedHashMap$Entry;' @32  a 'java/util/LinkedHashMap$Entry'{0x0000000701e176d8} (0xe03c2edb)
stack at sp + 6 slots: 0x00007ff847f6921f jvm.dll
stack at sp + 7 slots: 0x0000020ae7a2d140 points into unknown readable memory: 0x00007ff84866ad48 | 48 ad 66 48 f8 7f 00 00


---------------  P R O C E S S  ---------------

Threads class SMR info:
_java_thread_list=0x0000020aff34b740, length=16, elements={
0x0000020ae582f670, 0x0000020afac23a20, 0x0000020afac24af0, 0x0000020afac2b3f0,
0x0000020afac2a6d0, 0x0000020afac2ad60, 0x0000020afac2c110, 0x0000020afac3fd70,
0x0000020aff112870, 0x0000020aff113740, 0x0000020afac2c7a0, 0x0000020afac2ce30,
0x0000020ac1192db0, 0x0000020ac18f0630, 0x0000020ac18f0cc0, 0x0000020ac18ef910
}

Java Threads: ( => current thread )
  0x0000020ae582f670 JavaThread "main"                              [_thread_blocked, id=18200, stack(0x00000081b1700000,0x00000081b1800000) (1024K)]
  0x0000020afac23a20 JavaThread "Reference Handler"          daemon [_thread_blocked, id=10936, stack(0x00000081b1f00000,0x00000081b2000000) (1024K)]
  0x0000020afac24af0 JavaThread "Finalizer"                  daemon [_thread_blocked, id=5304, stack(0x00000081b2000000,0x00000081b2100000) (1024K)]
  0x0000020afac2b3f0 JavaThread "Signal Dispatcher"          daemon [_thread_blocked, id=10256, stack(0x00000081b2100000,0x00000081b2200000) (1024K)]
  0x0000020afac2a6d0 JavaThread "Attach Listener"            daemon [_thread_blocked, id=10544, stack(0x00000081b2200000,0x00000081b2300000) (1024K)]
  0x0000020afac2ad60 JavaThread "Service Thread"             daemon [_thread_blocked, id=12016, stack(0x00000081b2300000,0x00000081b2400000) (1024K)]
  0x0000020afac2c110 JavaThread "Monitor Deflation Thread"   daemon [_thread_blocked, id=5012, stack(0x00000081b2400000,0x00000081b2500000) (1024K)]
  0x0000020afac3fd70 JavaThread "C1 CompilerThread0"         daemon [_thread_blocked, id=4048, stack(0x00000081b2500000,0x00000081b2600000) (1024K)]
  0x0000020aff112870 JavaThread "C1 CompilerThread1"         daemon [_thread_blocked, id=11996, stack(0x00000081b2600000,0x00000081b2700000) (1024K)]
  0x0000020aff113740 JavaThread "C1 CompilerThread2"         daemon [_thread_blocked, id=32, stack(0x00000081b2700000,0x00000081b2800000) (1024K)]
  0x0000020afac2c7a0 JavaThread "Notification Thread"        daemon [_thread_blocked, id=18884, stack(0x00000081b2800000,0x00000081b2900000) (1024K)]
  0x0000020afac2ce30 JavaThread "Common-Cleaner"             daemon [_thread_blocked, id=19584, stack(0x00000081b2900000,0x00000081b2a00000) (1024K)]
  0x0000020ac1192db0 JavaThread "C1 CompilerThread3"         daemon [_thread_blocked, id=16988, stack(0x00000081b3200000,0x00000081b3300000) (1024K)]
  0x0000020ac18f0630 JavaThread "PostgreSQL-JDBC-Cleaner"    daemon [_thread_blocked, id=12780, stack(0x00000081b3400000,0x00000081b3500000) (1024K)]
  0x0000020ac18f0cc0 JavaThread "HikariPool-1 housekeeper"   daemon [_thread_blocked, id=9992, stack(0x00000081b3500000,0x00000081b3600000) (1024K)]
  0x0000020ac18ef910 JavaThread "HikariPool-1 connection adder" daemon [_thread_in_native, id=13592, stack(0x00000081b3600000,0x00000081b3700000) (1024K)]
Total: 16

Other Threads:
  0x0000020afac063c0 VMThread "VM Thread"                           [id=13252, stack(0x00000081b1e00000,0x00000081b1f00000) (1024K)]
  0x0000020afabeaf30 WatcherThread "VM Periodic Task Thread"        [id=13780, stack(0x00000081b1d00000,0x00000081b1e00000) (1024K)]
  0x0000020ae7a17500 WorkerThread "GC Thread#0"                     [id=8940, stack(0x00000081b1800000,0x00000081b1900000) (1024K)]
  0x0000020aff94cc00 WorkerThread "GC Thread#1"                     [id=2772, stack(0x00000081b2a00000,0x00000081b2b00000) (1024K)]
  0x0000020aff98f770 WorkerThread "GC Thread#2"                     [id=1276, stack(0x00000081b2b00000,0x00000081b2c00000) (1024K)]
  0x0000020aff971ca0 WorkerThread "GC Thread#3"                     [id=19896, stack(0x00000081b2c00000,0x00000081b2d00000) (1024K)]
  0x0000020aff995f30 WorkerThread "GC Thread#4"                     [id=19532, stack(0x00000081b2d00000,0x00000081b2e00000) (1024K)]
  0x0000020aff9966e0 WorkerThread "GC Thread#5"                     [id=11652, stack(0x00000081b2e00000,0x00000081b2f00000) (1024K)]
  0x0000020ac10d3210 WorkerThread "GC Thread#6"                     [id=8604, stack(0x00000081b3000000,0x00000081b3100000) (1024K)]
  0x0000020ac1153050 WorkerThread "GC Thread#7"                     [id=6300, stack(0x00000081b3100000,0x00000081b3200000) (1024K)]
  0x0000020ae7a28610 ConcurrentGCThread "G1 Main Marker"            [id=11808, stack(0x00000081b1900000,0x00000081b1a00000) (1024K)]
  0x0000020ae7a298b0 WorkerThread "G1 Conc#0"                       [id=18936, stack(0x00000081b1a00000,0x00000081b1b00000) (1024K)]
=>0x0000020ac1a04e40 WorkerThread "G1 Conc#1"                       [id=8808, stack(0x00000081b3300000,0x00000081b3400000) (1024K)]
  0x0000020ae7a6e7a0 ConcurrentGCThread "G1 Refine#0"               [id=12644, stack(0x00000081b1b00000,0x00000081b1c00000) (1024K)]
  0x0000020afaaae4a0 ConcurrentGCThread "G1 Service"                [id=724, stack(0x00000081b1c00000,0x00000081b1d00000) (1024K)]
Total: 15

Threads with active compile tasks:
Total: 0

VM state: not at safepoint (normal execution)

VM Mutex/Monitor currently owned by a thread:  ([mutex/lock_event])
[0x00007ff8488efaf8] Heap_lock - owner thread: 0x0000020ae582f670

Heap address: 0x0000000700800000, size: 4088 MB, Compressed Oops mode: Zero based, Oop shift amount: 3

CDS archive(s) mapped at: [0x0000020a80000000-0x0000020a80c90000-0x0000020a80c90000), size 13172736, SharedBaseAddress: 0x0000020a80000000, ArchiveRelocationMode: 1.
Compressed class space mapped at: 0x0000020a81000000-0x0000020ac1000000, reserved size: 1073741824
Narrow klass base: 0x0000020a80000000, Narrow klass shift: 0, Narrow klass range: 0x100000000

GC Precious Log:
 CardTable entry size: 512
 Card Set container configuration: InlinePtr #cards 4 size 8 Array Of Cards #cards 16 size 48 Howl #buckets 8 coarsen threshold 3686 Howl Bitmap #cards 512 size 80 coarsen threshold 460 Card regions per heap region 1 cards per card region 4096
 CPUs: 8 total, 8 available
 Memory: 16345M
 Large Page Support: Disabled
 NUMA Support: Disabled
 Compressed Oops: Enabled (Zero based)
 Heap Region Size: 2M
 Heap Min Capacity: 8M
 Heap Initial Capacity: 256M
 Heap Max Capacity: 4088M
 Pre-touch: Disabled
 Parallel Workers: 8
 Concurrent Workers: 2
 Concurrent Refinement Workers: 8
 Periodic GC: Disabled

Heap:
 garbage-first heap   total 83968K, used 31211K [0x0000000700800000, 0x0000000800000000)
  region size 2048K, 4 young (8192K), 2 survivors (4096K)
 Metaspace       used 60180K, committed 60800K, reserved 1114112K
  class space    used 8358K, committed 8640K, reserved 1048576K

Heap Regions: E=young(eden), S=young(survivor), O=old, HS=humongous(starts), HC=humongous(continues), CS=collection set, F=free, TAMS=top-at-mark-start, PB=parsable bottom
|   0|0x0000000700800000, 0x0000000700a00000, 0x0000000700a00000|100%| O|  |TAMS 0x0000000700a00000| PB 0x0000000700800000| Untracked 
|   1|0x0000000700a00000, 0x0000000700c00000, 0x0000000700c00000|100%| O|  |TAMS 0x0000000700c00000| PB 0x0000000700a00000| Untracked 
|   2|0x0000000700c00000, 0x0000000700e00000, 0x0000000700e00000|100%| O|  |TAMS 0x0000000700e00000| PB 0x0000000700c00000| Untracked 
|   3|0x0000000700e00000, 0x0000000701000000, 0x0000000701000000|100%| O|  |TAMS 0x0000000701000000| PB 0x0000000700e00000| Untracked 
|   4|0x0000000701000000, 0x0000000701200000, 0x0000000701200000|100%| O|  |TAMS 0x0000000701200000| PB 0x0000000701000000| Untracked 
|   5|0x0000000701200000, 0x0000000701400000, 0x0000000701400000|100%| O|  |TAMS 0x0000000701400000| PB 0x0000000701200000| Untracked 
|   6|0x0000000701400000, 0x0000000701600000, 0x0000000701600000|100%| O|  |TAMS 0x0000000701600000| PB 0x0000000701400000| Untracked 
|   7|0x0000000701600000, 0x0000000701800000, 0x0000000701800000|100%| O|  |TAMS 0x0000000701800000| PB 0x0000000701600000| Untracked 
|   8|0x0000000701800000, 0x0000000701a00000, 0x0000000701a00000|100%| O|  |TAMS 0x0000000701a00000| PB 0x0000000701800000| Untracked 
|   9|0x0000000701a00000, 0x0000000701bb3a18, 0x0000000701c00000| 85%| O|  |TAMS 0x0000000701a00000| PB 0x0000000701a00000| Untracked 
|  10|0x0000000701c00000, 0x0000000701e00000, 0x0000000701e00000|100%| O|  |TAMS 0x0000000701e00000| PB 0x0000000701c00000| Untracked 
|  11|0x0000000701e00000, 0x0000000702000000, 0x0000000702000000|100%| O|  |TAMS 0x0000000702000000| PB 0x0000000701e00000| Untracked 
|  12|0x0000000702000000, 0x0000000702200000, 0x0000000702200000|100%| O|  |TAMS 0x00000007020f84a0| PB 0x0000000702000000| Untracked 
|  13|0x0000000702200000, 0x0000000702200000, 0x0000000702400000|  0%| F|  |TAMS 0x0000000702200000| PB 0x0000000702200000| Untracked 
|  14|0x0000000702400000, 0x0000000702400000, 0x0000000702600000|  0%| F|  |TAMS 0x0000000702400000| PB 0x0000000702400000| Untracked 
|  15|0x0000000702600000, 0x0000000702600000, 0x0000000702800000|  0%| F|  |TAMS 0x0000000702600000| PB 0x0000000702600000| Untracked 
|  16|0x0000000702800000, 0x0000000702800000, 0x0000000702a00000|  0%| F|  |TAMS 0x0000000702800000| PB 0x0000000702800000| Untracked 
|  17|0x0000000702a00000, 0x0000000702a00000, 0x0000000702c00000|  0%| F|  |TAMS 0x0000000702a00000| PB 0x0000000702a00000| Untracked 
|  18|0x0000000702c00000, 0x0000000702c00000, 0x0000000702e00000|  0%| F|  |TAMS 0x0000000702c00000| PB 0x0000000702c00000| Untracked 
|  19|0x0000000702e00000, 0x0000000702e00000, 0x0000000703000000|  0%| F|  |TAMS 0x0000000702e00000| PB 0x0000000702e00000| Untracked 
|  20|0x0000000703000000, 0x0000000703000000, 0x0000000703200000|  0%| F|  |TAMS 0x0000000703000000| PB 0x0000000703000000| Untracked 
|  21|0x0000000703200000, 0x0000000703200000, 0x0000000703400000|  0%| F|  |TAMS 0x0000000703200000| PB 0x0000000703200000| Untracked 
|  22|0x0000000703400000, 0x0000000703400000, 0x0000000703600000|  0%| F|  |TAMS 0x0000000703400000| PB 0x0000000703400000| Untracked 
|  23|0x0000000703600000, 0x0000000703600000, 0x0000000703800000|  0%| F|  |TAMS 0x0000000703600000| PB 0x0000000703600000| Untracked 
|  24|0x0000000703800000, 0x0000000703800000, 0x0000000703a00000|  0%| F|  |TAMS 0x0000000703800000| PB 0x0000000703800000| Untracked 
|  25|0x0000000703a00000, 0x0000000703a00000, 0x0000000703c00000|  0%| F|  |TAMS 0x0000000703a00000| PB 0x0000000703a00000| Untracked 
|  26|0x0000000703c00000, 0x0000000703c00000, 0x0000000703e00000|  0%| F|  |TAMS 0x0000000703c00000| PB 0x0000000703c00000| Untracked 
|  27|0x0000000703e00000, 0x0000000703e00000, 0x0000000704000000|  0%| F|  |TAMS 0x0000000703e00000| PB 0x0000000703e00000| Untracked 
|  28|0x0000000704000000, 0x0000000704000000, 0x0000000704200000|  0%| F|  |TAMS 0x0000000704000000| PB 0x0000000704000000| Untracked 
|  29|0x0000000704200000, 0x00000007042c7250, 0x0000000704400000| 38%| S|CS|TAMS 0x0000000704200000| PB 0x0000000704200000| Complete 
|  30|0x0000000704400000, 0x0000000704600000, 0x0000000704600000|100%| S|CS|TAMS 0x0000000704400000| PB 0x0000000704400000| Complete 
|  31|0x0000000704600000, 0x0000000704600000, 0x0000000704800000|  0%| F|  |TAMS 0x0000000704600000| PB 0x0000000704600000| Untracked 
|  32|0x0000000704800000, 0x0000000704800000, 0x0000000704a00000|  0%| F|  |TAMS 0x0000000704800000| PB 0x0000000704800000| Untracked 
|  33|0x0000000704a00000, 0x0000000704a00000, 0x0000000704c00000|  0%| F|  |TAMS 0x0000000704a00000| PB 0x0000000704a00000| Untracked 
|  34|0x0000000704c00000, 0x0000000704c00000, 0x0000000704e00000|  0%| F|  |TAMS 0x0000000704c00000| PB 0x0000000704c00000| Untracked 
|  87|0x000000070b600000, 0x000000070b600000, 0x000000070b800000|  0%| F|  |TAMS 0x000000070b600000| PB 0x000000070b600000| Untracked 
|  88|0x000000070b800000, 0x000000070b800000, 0x000000070ba00000|  0%| F|  |TAMS 0x000000070b800000| PB 0x000000070b800000| Untracked 
|  89|0x000000070ba00000, 0x000000070ba00000, 0x000000070bc00000|  0%| F|  |TAMS 0x000000070ba00000| PB 0x000000070ba00000| Untracked 
|  90|0x000000070bc00000, 0x000000070bc00000, 0x000000070be00000|  0%| F|  |TAMS 0x000000070bc00000| PB 0x000000070bc00000| Untracked 
| 126|0x0000000710400000, 0x00000007104cb460, 0x0000000710600000| 39%| E|  |TAMS 0x0000000710400000| PB 0x0000000710400000| Complete 
| 127|0x0000000710600000, 0x0000000710800000, 0x0000000710800000|100%| E|CS|TAMS 0x0000000710600000| PB 0x0000000710600000| Complete 

Card table byte_map: [0x0000020af3970000,0x0000020af4170000] _byte_map_base: 0x0000020af016c000

Marking Bits: (CMBitMap*) 0x0000020ae7a17c00
 Bits: [0x0000020af4170000, 0x0000020af8150000)

Polling page: 0x0000020ae57e0000

Metaspace:

Usage:
  Non-class:     50.61 MB used.
      Class:      8.16 MB used.
       Both:     58.77 MB used.

Virtual space:
  Non-class space:       64.00 MB reserved,      50.94 MB ( 80%) committed,  1 nodes.
      Class space:        1.00 GB reserved,       8.44 MB ( <1%) committed,  1 nodes.
             Both:        1.06 GB reserved,      59.38 MB (  5%) committed. 

Chunk freelists:
   Non-Class:  12.41 MB
       Class:  7.50 MB
        Both:  19.91 MB

MaxMetaspaceSize: unlimited
CompressedClassSpaceSize: 1.00 GB
Initial GC threshold: 21.00 MB
Current GC threshold: 59.38 MB
CDS: on
 - commit_granule_bytes: 65536.
 - commit_granule_words: 8192.
 - virtual_space_node_default_size: 8388608.
 - enlarge_chunks_in_place: 1.
 - use_allocation_guard: 0.


Internal statistics:

num_allocs_failed_limit: 11.
num_arena_births: 846.
num_arena_deaths: 0.
num_vsnodes_births: 2.
num_vsnodes_deaths: 0.
num_space_committed: 950.
num_space_uncommitted: 0.
num_chunks_returned_to_freelist: 11.
num_chunks_taken_from_freelist: 3078.
num_chunk_merges: 11.
num_chunk_splits: 2266.
num_chunks_enlarged: 1765.
num_inconsistent_stats: 0.

CodeCache: size=49152Kb used=11201Kb max_used=11201Kb free=37950Kb
 bounds [0x0000020af0060000, 0x0000020af0b60000, 0x0000020af3060000]
 total_blobs=5883 nmethods=5200 adapters=605
 compilation: enabled
              stopped_count=0, restarted_count=0
 full_count=0

Compilation events (20 events):
Event: 8.745 Thread 0x0000020afac3fd70 5208       1       java.lang.invoke.BoundMethodHandle$Species_LLL::make (14 bytes)
Event: 8.745 Thread 0x0000020aff112870 5209       1       java.lang.invoke.BoundMethodHandle$Species_LLL::<init> (24 bytes)
Event: 8.746 Thread 0x0000020afac3fd70 nmethod 5208 0x0000020af0b47d90 code [0x0000020af0b47f40, 0x0000020af0b481d0]
Event: 8.746 Thread 0x0000020aff112870 nmethod 5209 0x0000020af0b48290 code [0x0000020af0b48440, 0x0000020af0b48688]
Event: 8.748 Thread 0x0000020aff112870 5210       1       net.bytebuddy.description.method.ParameterDescription$ForLoadedParameter$OfMethod::getType (54 bytes)
Event: 8.748 Thread 0x0000020afac3fd70 5211       1       net.bytebuddy.description.type.TypeDescription$Generic$LazyProjection$OfMethodParameter::<init> (20 bytes)
Event: 8.748 Thread 0x0000020afac3fd70 nmethod 5211 0x0000020af0b48710 code [0x0000020af0b488a0, 0x0000020af0b48a20]
Event: 8.749 Thread 0x0000020aff112870 nmethod 5210 0x0000020af0b48a90 code [0x0000020af0b48c40, 0x0000020af0b48f60]
Event: 8.758 Thread 0x0000020afac3fd70 5212       1       org.postgresql.shaded.com.ongres.stringprep.Tables::prohibitionNonAsciiSpace (125 bytes)
Event: 8.758 Thread 0x0000020aff113740 5213       1       org.postgresql.shaded.com.ongres.stringprep.Tables::prohibitionChangeDisplayProperties (111 bytes)
Event: 8.758 Thread 0x0000020afac3fd70 nmethod 5212 0x0000020af0b49090 code [0x0000020af0b49220, 0x0000020af0b493a8]
Event: 8.758 Thread 0x0000020aff113740 nmethod 5213 0x0000020af0b49410 code [0x0000020af0b495a0, 0x0000020af0b49710]
Event: 8.766 Thread 0x0000020afac3fd70 5214       1       net.bytebuddy.description.ModifierReviewable$AbstractBase::isStatic (7 bytes)
Event: 8.766 Thread 0x0000020afac3fd70 nmethod 5214 0x0000020af0b49790 code [0x0000020af0b49940, 0x0000020af0b49a48]
Event: 8.766 Thread 0x0000020aff112870 5215       1       net.bytebuddy.description.type.TypeList$Generic$Explicit::get (6 bytes)
Event: 8.767 Thread 0x0000020aff113740 5216       1       net.bytebuddy.description.type.TypeList$Generic$Explicit::get (19 bytes)
Event: 8.767 Thread 0x0000020aff112870 nmethod 5215 0x0000020af0b49b10 code [0x0000020af0b49cc0, 0x0000020af0b49e38]
Event: 8.767 Thread 0x0000020aff113740 nmethod 5216 0x0000020af0b49f10 code [0x0000020af0b4a0c0, 0x0000020af0b4a238]
Event: 8.768 Thread 0x0000020aff112870 5217       1       net.bytebuddy.description.type.TypeDescription$Generic$OfNonGenericType$ForLoadedType::represents (22 bytes)
Event: 8.768 Thread 0x0000020aff112870 nmethod 5217 0x0000020af0b4a310 code [0x0000020af0b4a4c0, 0x0000020af0b4a610]

GC Heap History (20 events):
Event: 0.659 GC heap before
{Heap before GC invocations=0 (full 0):
 garbage-first heap   total 262144K, used 20480K [0x0000000700800000, 0x0000000800000000)
  region size 2048K, 11 young (22528K), 0 survivors (0K)
 Metaspace       used 3657K, committed 3840K, reserved 1114112K
  class space    used 485K, committed 576K, reserved 1048576K
}
Event: 0.665 GC heap after
{Heap after GC invocations=1 (full 0):
 garbage-first heap   total 262144K, used 7286K [0x0000000700800000, 0x0000000800000000)
  region size 2048K, 2 young (4096K), 2 survivors (4096K)
 Metaspace       used 3657K, committed 3840K, reserved 1114112K
  class space    used 485K, committed 576K, reserved 1048576K
}
Event: 1.096 GC heap before
{Heap before GC invocations=1 (full 0):
 garbage-first heap   total 262144K, used 29814K [0x0000000700800000, 0x0000000800000000)
  region size 2048K, 14 young (28672K), 2 survivors (4096K)
 Metaspace       used 9123K, committed 9472K, reserved 1114112K
  class space    used 1262K, committed 1408K, reserved 1048576K
}
Event: 1.101 GC heap after
{Heap after GC invocations=2 (full 0):
 garbage-first heap   total 262144K, used 9616K [0x0000000700800000, 0x0000000800000000)
  region size 2048K, 1 young (2048K), 1 survivors (2048K)
 Metaspace       used 9123K, committed 9472K, reserved 1114112K
  class space    used 1262K, committed 1408K, reserved 1048576K
}
Event: 1.795 GC heap before
{Heap before GC invocations=2 (full 0):
 garbage-first heap   total 262144K, used 79248K [0x0000000700800000, 0x0000000800000000)
  region size 2048K, 37 young (75776K), 1 survivors (2048K)
 Metaspace       used 21251K, committed 21504K, reserved 1114112K
  class space    used 2754K, committed 2880K, reserved 1048576K
}
Event: 1.803 GC heap after
{Heap after GC invocations=3 (full 0):
 garbage-first heap   total 262144K, used 15533K [0x0000000700800000, 0x0000000800000000)
  region size 2048K, 4 young (8192K), 4 survivors (8192K)
 Metaspace       used 21251K, committed 21504K, reserved 1114112K
  class space    used 2754K, committed 2880K, reserved 1048576K
}
Event: 2.179 GC heap before
{Heap before GC invocations=4 (full 0):
 garbage-first heap   total 69632K, used 48301K [0x0000000700800000, 0x0000000800000000)
  region size 2048K, 20 young (40960K), 4 survivors (8192K)
 Metaspace       used 24877K, committed 25216K, reserved 1114112K
  class space    used 3238K, committed 3392K, reserved 1048576K
}
Event: 2.189 GC heap after
{Heap after GC invocations=5 (full 0):
 garbage-first heap   total 69632K, used 18330K [0x0000000700800000, 0x0000000800000000)
  region size 2048K, 2 young (4096K), 2 survivors (4096K)
 Metaspace       used 24877K, committed 25216K, reserved 1114112K
  class space    used 3238K, committed 3392K, reserved 1048576K
}
Event: 2.762 GC heap before
{Heap before GC invocations=5 (full 0):
 garbage-first heap   total 69632K, used 51098K [0x0000000700800000, 0x0000000800000000)
  region size 2048K, 18 young (36864K), 2 survivors (4096K)
 Metaspace       used 28806K, committed 29248K, reserved 1114112K
  class space    used 3790K, committed 3968K, reserved 1048576K
}
Event: 2.773 GC heap after
{Heap after GC invocations=6 (full 0):
 garbage-first heap   total 69632K, used 20928K [0x0000000700800000, 0x0000000800000000)
  region size 2048K, 2 young (4096K), 2 survivors (4096K)
 Metaspace       used 28806K, committed 29248K, reserved 1114112K
  class space    used 3790K, committed 3968K, reserved 1048576K
}
Event: 3.476 GC heap before
{Heap before GC invocations=6 (full 0):
 garbage-first heap   total 69632K, used 53696K [0x0000000700800000, 0x0000000800000000)
  region size 2048K, 18 young (36864K), 2 survivors (4096K)
 Metaspace       used 34574K, committed 35072K, reserved 1114112K
  class space    used 4576K, committed 4800K, reserved 1048576K
}
Event: 3.487 GC heap after
{Heap after GC invocations=7 (full 0):
 garbage-first heap   total 83968K, used 23312K [0x0000000700800000, 0x0000000800000000)
  region size 2048K, 3 young (6144K), 3 survivors (6144K)
 Metaspace       used 34574K, committed 35072K, reserved 1114112K
  class space    used 4576K, committed 4800K, reserved 1048576K
}
Event: 3.638 GC heap before
{Heap before GC invocations=7 (full 0):
 garbage-first heap   total 83968K, used 33552K [0x0000000700800000, 0x0000000800000000)
  region size 2048K, 9 young (18432K), 3 survivors (6144K)
 Metaspace       used 35622K, committed 36096K, reserved 1114112K
  class space    used 4750K, committed 4992K, reserved 1048576K
}
Event: 3.651 GC heap after
{Heap after GC invocations=8 (full 0):
 garbage-first heap   total 83968K, used 24211K [0x0000000700800000, 0x0000000800000000)
  region size 2048K, 2 young (4096K), 2 survivors (4096K)
 Metaspace       used 35622K, committed 36096K, reserved 1114112K
  class space    used 4750K, committed 4992K, reserved 1048576K
}
Event: 7.209 GC heap before
{Heap before GC invocations=9 (full 0):
 garbage-first heap   total 83968K, used 69267K [0x0000000700800000, 0x0000000800000000)
  region size 2048K, 24 young (49152K), 2 survivors (4096K)
 Metaspace       used 46100K, committed 46656K, reserved 1114112K
  class space    used 6163K, committed 6400K, reserved 1048576K
}
Event: 7.222 GC heap after
{Heap after GC invocations=10 (full 0):
 garbage-first heap   total 83968K, used 26758K [0x0000000700800000, 0x0000000800000000)
  region size 2048K, 2 young (4096K), 2 survivors (4096K)
 Metaspace       used 46100K, committed 46656K, reserved 1114112K
  class space    used 6163K, committed 6400K, reserved 1048576K
}
Event: 8.290 GC heap before
{Heap before GC invocations=10 (full 0):
 garbage-first heap   total 83968K, used 69766K [0x0000000700800000, 0x0000000800000000)
  region size 2048K, 23 young (47104K), 2 survivors (4096K)
 Metaspace       used 54567K, committed 55232K, reserved 1114112K
  class space    used 7385K, committed 7680K, reserved 1048576K
}
Event: 8.305 GC heap after
{Heap after GC invocations=11 (full 0):
 garbage-first heap   total 83968K, used 28283K [0x0000000700800000, 0x0000000800000000)
  region size 2048K, 3 young (6144K), 3 survivors (6144K)
 Metaspace       used 54567K, committed 55232K, reserved 1114112K
  class space    used 7385K, committed 7680K, reserved 1048576K
}
Event: 8.734 GC heap before
{Heap before GC invocations=11 (full 0):
 garbage-first heap   total 83968K, used 46715K [0x0000000700800000, 0x0000000800000000)
  region size 2048K, 13 young (26624K), 3 survivors (6144K)
 Metaspace       used 59822K, committed 60480K, reserved 1114112K
  class space    used 8293K, committed 8576K, reserved 1048576K
}
Event: 8.745 GC heap after
{Heap after GC invocations=12 (full 0):
 garbage-first heap   total 83968K, used 29163K [0x0000000700800000, 0x0000000800000000)
  region size 2048K, 2 young (4096K), 2 survivors (4096K)
 Metaspace       used 59822K, committed 60480K, reserved 1114112K
  class space    used 8293K, committed 8576K, reserved 1048576K
}

Dll operation events (10 events):
Event: 0.013 Loaded shared library C:\Program Files\Eclipse Adoptium\jdk-21.0.0.35-hotspot\bin\java.dll
Event: 0.183 Loaded shared library C:\Program Files\Eclipse Adoptium\jdk-21.0.0.35-hotspot\bin\net.dll
Event: 0.187 Loaded shared library C:\Program Files\Eclipse Adoptium\jdk-21.0.0.35-hotspot\bin\nio.dll
Event: 0.192 Loaded shared library C:\Program Files\Eclipse Adoptium\jdk-21.0.0.35-hotspot\bin\zip.dll
Event: 0.348 Loaded shared library C:\Program Files\Eclipse Adoptium\jdk-21.0.0.35-hotspot\bin\jimage.dll
Event: 2.012 Loaded shared library C:\Program Files\Eclipse Adoptium\jdk-21.0.0.35-hotspot\bin\sunmscapi.dll
Event: 3.391 Loaded shared library C:\Program Files\Eclipse Adoptium\jdk-21.0.0.35-hotspot\bin\management.dll
Event: 3.394 Loaded shared library C:\Program Files\Eclipse Adoptium\jdk-21.0.0.35-hotspot\bin\management_ext.dll
Event: 3.852 Loaded shared library C:\Program Files\Eclipse Adoptium\jdk-21.0.0.35-hotspot\bin\extnet.dll
Event: 7.201 Loaded shared library C:\Program Files\Eclipse Adoptium\jdk-21.0.0.35-hotspot\bin\verify.dll

Deoptimization events (10 events):
Event: 1.184 Thread 0x0000020ae582f670 DEOPT PACKING pc=0x0000020af05fad61 sp=0x00000081b17fd2b0
Event: 1.184 Thread 0x0000020ae582f670 DEOPT UNPACKING pc=0x0000020af00b4e42 sp=0x00000081b17fc790 mode 3
Event: 1.418 Thread 0x0000020ae582f670 DEOPT PACKING pc=0x0000020af068465d sp=0x00000081b17fd7a0
Event: 1.419 Thread 0x0000020ae582f670 DEOPT UNPACKING pc=0x0000020af00b4e42 sp=0x00000081b17fcc48 mode 3
Event: 2.838 Thread 0x0000020ae582f670 DEOPT PACKING pc=0x0000020af096e3e1 sp=0x00000081b17fdc00
Event: 2.838 Thread 0x0000020ae582f670 DEOPT UNPACKING pc=0x0000020af00b4e42 sp=0x00000081b17fd0e0 mode 3
Event: 2.964 Thread 0x0000020ae582f670 DEOPT PACKING pc=0x0000020af08a281c sp=0x00000081b17fbf20
Event: 2.964 Thread 0x0000020ae582f670 DEOPT UNPACKING pc=0x0000020af00b4e42 sp=0x00000081b17fb3e0 mode 0
Event: 3.321 Thread 0x0000020ae582f670 DEOPT PACKING pc=0x0000020af09f5ba5 sp=0x00000081b17fd170
Event: 3.321 Thread 0x0000020ae582f670 DEOPT UNPACKING pc=0x0000020af00b4e42 sp=0x00000081b17fc6d8 mode 3

Classes loaded (20 events):
Event: 8.182 Loading class javax/naming/StringRefAddr
Event: 8.182 Loading class javax/naming/StringRefAddr done
Event: 8.212 Loading class java/util/concurrent/CompletionStage
Event: 8.212 Loading class java/util/concurrent/CompletionStage done
Event: 8.213 Loading class java/util/concurrent/CompletableFuture
Event: 8.214 Loading class java/util/concurrent/CompletableFuture done
Event: 8.214 Loading class java/util/concurrent/CompletableFuture$AltResult
Event: 8.214 Loading class java/util/concurrent/CompletableFuture$AltResult done
Event: 8.215 Loading class java/util/concurrent/CompletableFuture$Completion
Event: 8.215 Loading class java/util/concurrent/CompletableFuture$AsynchronousCompletionTask
Event: 8.215 Loading class java/util/concurrent/CompletableFuture$AsynchronousCompletionTask done
Event: 8.215 Loading class java/util/concurrent/CompletableFuture$Completion done
Event: 8.269 Loading class java/util/concurrent/CancellationException
Event: 8.269 Loading class java/util/concurrent/CancellationException done
Event: 8.626 Loading class java/util/ArrayList$ListItr
Event: 8.626 Loading class java/util/ArrayList$ListItr done
Event: 8.669 Loading class java/util/AbstractList$SubList
Event: 8.669 Loading class java/util/AbstractList$SubList done
Event: 8.750 Loading class java/lang/reflect/AnnotatedArrayType
Event: 8.750 Loading class java/lang/reflect/AnnotatedArrayType done

Classes unloaded (0 events):
No events

Classes redefined (0 events):
No events

Internal exceptions (20 events):
Event: 3.821 Thread 0x0000020ae582f670 Exception <a 'java/lang/NoSuchMethodError'{0x000000070bb51578}: method resolution failed> (0x000000070bb51578) 
thrown [s\src\hotspot\share\prims\methodHandles.cpp, line 1144]
Event: 3.832 Thread 0x0000020ae582f670 Exception <a 'java/lang/NoSuchMethodError'{0x000000070bbc0360}: 'int java.lang.invoke.DirectMethodHandle$Holder.invokeStaticInit(java.lang.Object, java.lang.Object, java.lang.Object, java.lang.Object)'> (0x000000070bbc0360) 
thrown [s\src\hotspot\share\interpreter\linkResolver.cpp, line 773]
Event: 4.173 Thread 0x0000020ae582f670 Exception <a 'sun/nio/fs/WindowsException'{0x000000070b9790b8}> (0x000000070b9790b8) 
thrown [s\src\hotspot\share\prims\jni.cpp, line 520]
Event: 4.197 Thread 0x0000020ae582f670 Exception <a 'java/lang/NoSuchMethodError'{0x000000070b6442d0}: 'int java.lang.invoke.DirectMethodHandle$Holder.invokeInterface(java.lang.Object, java.lang.Object, int)'> (0x000000070b6442d0) 
thrown [s\src\hotspot\share\interpreter\linkResolver.cpp, line 773]
Event: 4.197 Thread 0x0000020ae582f670 Exception <a 'java/lang/IncompatibleClassChangeError'{0x000000070b647de8}: Found class java.lang.Object, but interface was expected> (0x000000070b647de8) 
thrown [s\src\hotspot\share\interpreter\linkResolver.cpp, line 840]
Event: 4.678 Thread 0x0000020ae582f670 Exception <a 'java/lang/NoSuchMethodError'{0x00000007046cbf30}: 'java.lang.Object java.lang.invoke.DirectMethodHandle$Holder.invokeSpecial(java.lang.Object, java.lang.Object, java.lang.Object, int, int)'> (0x00000007046cbf30) 
thrown [s\src\hotspot\share\interpreter\linkResolver.cpp, line 773]
Event: 4.678 Thread 0x0000020ae582f670 Exception <a 'java/lang/NoSuchMethodError'{0x00000007046d60f0}: 'int java.lang.invoke.DirectMethodHandle$Holder.invokeStatic(java.lang.Object, java.lang.Object, java.lang.Object, java.lang.Object, java.lang.Object)'> (0x00000007046d60f0) 
thrown [s\src\hotspot\share\interpreter\linkResolver.cpp, line 773]
Event: 4.752 Thread 0x0000020ae582f670 Exception <a 'java/lang/NoSuchMethodError'{0x000000070473c8d8}: 'java.lang.Object java.lang.invoke.DirectMethodHandle$Holder.invokeSpecial(java.lang.Object, java.lang.Object, java.lang.Object, java.lang.Object, java.lang.Object, int, java.lang.Object)'> (0x000000070473c8d8) 
thrown [s\src\hotspot\share\interpreter\linkResolver.cpp, line 773]
Event: 5.368 Thread 0x0000020ae582f670 Exception <a 'java/lang/NoSuchMethodError'{0x0000000704579f40}: 'java.lang.Object java.lang.invoke.DirectMethodHandle$Holder.invokeStatic(java.lang.Object, java.lang.Object, java.lang.Object, java.lang.Object, java.lang.Object, java.lang.Object, java.lang.Object, java.lang.Object, java.lang.Object, java.lang.Object, java.lang.Object, java.lang.Object, java.lang.Object)'> (0x0000000704579f40) 
thrown [s\src\hotspot\share\interpreter\linkResolver.cpp, line 773]
Event: 5.369 Thread 0x0000020ae582f670 Exception <a 'java/lang/NoSuchMethodError'{0x0000000704598ce0}: 'java.lang.Object java.lang.invoke.DirectMethodHandle$Holder.invokeStatic(java.lang.Object, java.lang.Object, java.lang.Object, java.lang.Object, java.lang.Object, java.lang.Object, java.lang.Object, java.lang.Object, java.lang.Object, java.lang.Object, java.lang.Object, java.lang.Object, java.lang.Object, java.lang.Object)'> (0x0000000704598ce0) 
thrown [s\src\hotspot\share\interpreter\linkResolver.cpp, line 773]
Event: 5.370 Thread 0x0000020ae582f670 Exception <a 'java/lang/NoSuchMethodError'{0x00000007045a7688}: 'java.lang.Object java.lang.invoke.Invokers$Holder.linkToTargetMethod(java.lang.Object, java.lang.Object, java.lang.Object, java.lang.Object, java.lang.Object, java.lang.Object, java.lang.Object, java.lang.Object, java.lang.Object, java.lang.Object, java.lang.Object, java.lang.Object, java.lang.Object, java.lang.Object)'> (0x00000007045a7688) 
thrown [s\src\hotspot\share\interpreter\linkResolver.cpp, line 773]
Event: 5.510 Thread 0x0000020ae582f670 Exception <a 'java/lang/NoSuchMethodError'{0x0000000704224818}: 'java.lang.Object java.lang.invoke.DirectMethodHandle$Holder.newInvokeSpecial(java.lang.Object, java.lang.Object, int)'> (0x0000000704224818) 
thrown [s\src\hotspot\share\interpreter\linkResolver.cpp, line 773]
Event: 6.532 Thread 0x0000020ae582f670 Exception <a 'java/lang/NoSuchMethodError'{0x000000070427a038}: 'java.lang.Object java.lang.invoke.DirectMethodHandle$Holder.invokeStaticInit(java.lang.Object, java.lang.Object, java.lang.Object, java.lang.Object)'> (0x000000070427a038) 
thrown [s\src\hotspot\share\interpreter\linkResolver.cpp, line 773]
Event: 6.740 Thread 0x0000020ae582f670 Exception <a 'java/lang/NoSuchMethodError'{0x00000007040985d0}: 'java.lang.Object java.lang.invoke.DirectMethodHandle$Holder.newInvokeSpecial(java.lang.Object, java.lang.Object, java.lang.Object, java.lang.Object, java.lang.Object, java.lang.Object, java.lang.Object, java.lang.Object, java.lang.Object, java.lang.Object, java.lang.Object)'> (0x00000007040985d0) 
thrown [s\src\hotspot\share\interpreter\linkResolver.cpp, line 773]
Event: 6.862 Thread 0x0000020ae582f670 Exception <a 'java/lang/NoSuchMethodError'{0x0000000703a0ab30}: 'void java.lang.invoke.DelegatingMethodHandle$Holder.reinvoke_L(java.lang.Object, java.lang.Object, java.lang.Object, java.lang.Object, int, java.lang.Object, java.lang.Object, java.lang.Object)'> (0x0000000703a0ab30) 
thrown [s\src\hotspot\share\interpreter\linkResolver.cpp, line 773]
Event: 7.435 Thread 0x0000020ae582f670 Exception <a 'java/lang/NoSuchMethodError'{0x0000000704cc6250}: 'int java.lang.invoke.DirectMethodHandle$Holder.invokeStatic(java.lang.Object)'> (0x0000000704cc6250) 
thrown [s\src\hotspot\share\interpreter\linkResolver.cpp, line 773]
Event: 7.821 Thread 0x0000020ae582f670 Exception <a 'java/lang/NoSuchMethodError'{0x00000007049662f0}: 'int java.lang.invoke.Invokers$Holder.invokeExact_MT(java.lang.Object, java.lang.Object)'> (0x00000007049662f0) 
thrown [s\src\hotspot\share\interpreter\linkResolver.cpp, line 773]
Event: 8.278 Thread 0x0000020ae582f670 Exception <a 'java/lang/IncompatibleClassChangeError'{0x0000000703161070}: Found class java.lang.Object, but interface was expected> (0x0000000703161070) 
thrown [s\src\hotspot\share\interpreter\linkResolver.cpp, line 840]
Event: 8.312 Thread 0x0000020ae582f670 Exception <a 'java/lang/NoSuchMethodError'{0x0000000710651338}: 'java.lang.Object java.lang.invoke.DirectMethodHandle$Holder.invokeStatic(java.lang.Object, java.lang.Object, int, java.lang.Object)'> (0x0000000710651338) 
thrown [s\src\hotspot\share\interpreter\linkResolver.cpp, line 773]
Event: 8.312 Thread 0x0000020ae582f670 Exception <a 'java/lang/NoSuchMethodError'{0x0000000710655340}: 'java.lang.Object java.lang.invoke.DirectMethodHandle$Holder.invokeStaticInit(java.lang.Object, java.lang.Object, int, java.lang.Object)'> (0x0000000710655340) 
thrown [s\src\hotspot\share\interpreter\linkResolver.cpp, line 773]

ZGC Phase Switch (0 events):
No events

VM Operations (20 events):
Event: 5.204 Executing VM operation: Cleanup
Event: 5.204 Executing VM operation: Cleanup done
Event: 6.219 Executing VM operation: Cleanup
Event: 6.219 Executing VM operation: Cleanup done
Event: 6.920 Executing VM operation: HandshakeAllThreads (Deoptimize)
Event: 6.920 Executing VM operation: HandshakeAllThreads (Deoptimize) done
Event: 7.209 Executing VM operation: G1CollectForAllocation (G1 Evacuation Pause)
Event: 7.222 Executing VM operation: G1CollectForAllocation (G1 Evacuation Pause) done
Event: 8.234 Executing VM operation: Cleanup
Event: 8.234 Executing VM operation: Cleanup done
Event: 8.290 Executing VM operation: G1CollectForAllocation (G1 Evacuation Pause)
Event: 8.305 Executing VM operation: G1CollectForAllocation (G1 Evacuation Pause) done
Event: 8.622 Executing VM operation: HandshakeAllThreads (Deoptimize)
Event: 8.623 Executing VM operation: HandshakeAllThreads (Deoptimize) done
Event: 8.626 Executing VM operation: HandshakeAllThreads (Deoptimize)
Event: 8.626 Executing VM operation: HandshakeAllThreads (Deoptimize) done
Event: 8.653 Executing VM operation: HandshakeAllThreads (Deoptimize)
Event: 8.653 Executing VM operation: HandshakeAllThreads (Deoptimize) done
Event: 8.734 Executing VM operation: CollectForMetadataAllocation (Metadata GC Threshold)
Event: 8.745 Executing VM operation: CollectForMetadataAllocation (Metadata GC Threshold) done

Events (20 events):
Event: 3.674 Thread 0x0000020afac063c0 flushing nmethod 0x0000020af02efa90
Event: 3.674 Thread 0x0000020afac063c0 flushing nmethod 0x0000020af02f5490
Event: 3.674 Thread 0x0000020afac063c0 flushing nmethod 0x0000020af02e8b90
Event: 3.674 Thread 0x0000020afac063c0 flushing nmethod 0x0000020af02e5110
Event: 3.674 Thread 0x0000020afac063c0 flushing nmethod 0x0000020af02e4010
Event: 3.674 Thread 0x0000020afac063c0 flushing nmethod 0x0000020af02d6510
Event: 3.674 Thread 0x0000020afac063c0 flushing nmethod 0x0000020af02dd390
Event: 3.674 Thread 0x0000020afac063c0 flushing nmethod 0x0000020af02dab10
Event: 3.674 Thread 0x0000020afac063c0 flushing nmethod 0x0000020af02da510
Event: 3.674 Thread 0x0000020afac063c0 flushing nmethod 0x0000020af02da010
Event: 3.674 Thread 0x0000020afac063c0 flushing nmethod 0x0000020af02d6110
Event: 3.674 Thread 0x0000020afac063c0 flushing nmethod 0x0000020af02c7110
Event: 3.674 Thread 0x0000020afac063c0 flushing nmethod 0x0000020af029f990
Event: 3.674 Thread 0x0000020afac063c0 flushing nmethod 0x0000020af0211990
Event: 3.674 Thread 0x0000020afac063c0 flushing nmethod 0x0000020af0183990
Event: 3.674 Thread 0x0000020afac063c0 flushing nmethod 0x0000020af02a3190
Event: 3.674 Thread 0x0000020afac063c0 flushing nmethod 0x0000020af02a1b10
Event: 4.521 Thread 0x0000020ac18f0630 Thread added: 0x0000020ac18f0630
Event: 4.660 Thread 0x0000020ac18f0cc0 Thread added: 0x0000020ac18f0cc0
Event: 4.769 Thread 0x0000020ac18ef910 Thread added: 0x0000020ac18ef910


Dynamic libraries:
0x00007ff741360000 - 0x00007ff74136e000 	C:\Program Files\Eclipse Adoptium\jdk-21.0.0.35-hotspot\bin\java.exe
0x00007ff886e90000 - 0x00007ff887088000 	C:\WINDOWS\SYSTEM32\ntdll.dll
0x00007ff885690000 - 0x00007ff885752000 	C:\WINDOWS\System32\KERNEL32.DLL
0x00007ff884740000 - 0x00007ff884a36000 	C:\WINDOWS\System32\KERNELBASE.dll
0x00007ff884640000 - 0x00007ff884740000 	C:\WINDOWS\System32\ucrtbase.dll
0x00007ff874330000 - 0x00007ff874348000 	C:\Program Files\Eclipse Adoptium\jdk-21.0.0.35-hotspot\bin\jli.dll
0x00007ff885f30000 - 0x00007ff8860cd000 	C:\WINDOWS\System32\USER32.dll
0x00007ff884d20000 - 0x00007ff884d42000 	C:\WINDOWS\System32\win32u.dll
0x00007ff8855f0000 - 0x00007ff88561b000 	C:\WINDOWS\System32\GDI32.dll
0x00007ff884bd0000 - 0x00007ff884ce9000 	C:\WINDOWS\System32\gdi32full.dll
0x00007ff8845a0000 - 0x00007ff88463d000 	C:\WINDOWS\System32\msvcp_win.dll
0x00007ff872560000 - 0x00007ff87257b000 	C:\Program Files\Eclipse Adoptium\jdk-21.0.0.35-hotspot\bin\VCRUNTIME140.dll
0x00007ff8760e0000 - 0x00007ff87637a000 	C:\WINDOWS\WinSxS\amd64_microsoft.windows.common-controls_6595b64144ccf1df_6.0.19041.5915_none_60b4b9d171f9c7c7\COMCTL32.dll
0x00007ff885760000 - 0x00007ff8857fe000 	C:\WINDOWS\System32\msvcrt.dll
0x00007ff885450000 - 0x00007ff88547f000 	C:\WINDOWS\System32\IMM32.DLL
0x00007ff874090000 - 0x00007ff87409c000 	C:\Program Files\Eclipse Adoptium\jdk-21.0.0.35-hotspot\bin\vcruntime140_1.dll
0x00007ff8609b0000 - 0x00007ff860a3e000 	C:\Program Files\Eclipse Adoptium\jdk-21.0.0.35-hotspot\bin\msvcp140.dll
0x00007ff847c50000 - 0x00007ff8489cf000 	C:\Program Files\Eclipse Adoptium\jdk-21.0.0.35-hotspot\bin\server\jvm.dll
0x00007ff885530000 - 0x00007ff8855e1000 	C:\WINDOWS\System32\ADVAPI32.dll
0x00007ff885e90000 - 0x00007ff885f2f000 	C:\WINDOWS\System32\sechost.dll
0x00007ff885d60000 - 0x00007ff885e83000 	C:\WINDOWS\System32\RPCRT4.dll
0x00007ff884cf0000 - 0x00007ff884d17000 	C:\WINDOWS\System32\bcrypt.dll
0x00007ff885620000 - 0x00007ff88568b000 	C:\WINDOWS\System32\WS2_32.dll
0x00007ff883f30000 - 0x00007ff883f7b000 	C:\WINDOWS\SYSTEM32\POWRPROF.dll
0x00007ff87a590000 - 0x00007ff87a5b7000 	C:\WINDOWS\SYSTEM32\WINMM.dll
0x00007ff87dcf0000 - 0x00007ff87dcfa000 	C:\WINDOWS\SYSTEM32\VERSION.dll
0x00007ff883f10000 - 0x00007ff883f22000 	C:\WINDOWS\SYSTEM32\UMPDC.dll
0x00007ff882d20000 - 0x00007ff882d32000 	C:\WINDOWS\SYSTEM32\kernel.appcore.dll
0x00007ff872550000 - 0x00007ff87255a000 	C:\Program Files\Eclipse Adoptium\jdk-21.0.0.35-hotspot\bin\jimage.dll
0x00007ff882970000 - 0x00007ff882b71000 	C:\WINDOWS\SYSTEM32\DBGHELP.DLL
0x00007ff87cea0000 - 0x00007ff87ced4000 	C:\WINDOWS\SYSTEM32\dbgcore.DLL
0x00007ff884b40000 - 0x00007ff884bc2000 	C:\WINDOWS\System32\bcryptPrimitives.dll
0x00007ff861f40000 - 0x00007ff861f5f000 	C:\Program Files\Eclipse Adoptium\jdk-21.0.0.35-hotspot\bin\java.dll
0x00007ff8866e0000 - 0x00007ff886e4e000 	C:\WINDOWS\System32\SHELL32.dll
0x00007ff8821c0000 - 0x00007ff882964000 	C:\WINDOWS\SYSTEM32\windows.storage.dll
0x00007ff884fa0000 - 0x00007ff8852f3000 	C:\WINDOWS\System32\combase.dll
0x00007ff883da0000 - 0x00007ff883dcb000 	C:\WINDOWS\SYSTEM32\Wldp.dll
0x00007ff885b70000 - 0x00007ff885c3d000 	C:\WINDOWS\System32\OLEAUT32.dll
0x00007ff885480000 - 0x00007ff88552d000 	C:\WINDOWS\System32\SHCORE.dll
0x00007ff884eb0000 - 0x00007ff884f0b000 	C:\WINDOWS\System32\shlwapi.dll
0x00007ff884450000 - 0x00007ff884475000 	C:\WINDOWS\SYSTEM32\profapi.dll
0x00007ff8636f0000 - 0x00007ff863700000 	C:\Program Files\Eclipse Adoptium\jdk-21.0.0.35-hotspot\bin\net.dll
0x00007ff87e580000 - 0x00007ff87e68a000 	C:\WINDOWS\SYSTEM32\WINHTTP.dll
0x00007ff883b80000 - 0x00007ff883bea000 	C:\WINDOWS\system32\mswsock.dll
0x00007ff861f20000 - 0x00007ff861f36000 	C:\Program Files\Eclipse Adoptium\jdk-21.0.0.35-hotspot\bin\nio.dll
0x00007ff861f00000 - 0x00007ff861f18000 	C:\Program Files\Eclipse Adoptium\jdk-21.0.0.35-hotspot\bin\zip.dll
0x00007ff862560000 - 0x00007ff86256e000 	C:\Program Files\Eclipse Adoptium\jdk-21.0.0.35-hotspot\bin\sunmscapi.dll
0x00007ff884d50000 - 0x00007ff884ead000 	C:\WINDOWS\System32\CRYPT32.dll
0x00007ff883fc0000 - 0x00007ff883fe7000 	C:\WINDOWS\SYSTEM32\ncrypt.dll
0x00007ff883f80000 - 0x00007ff883fbb000 	C:\WINDOWS\SYSTEM32\NTASN1.dll
0x00007ff883de0000 - 0x00007ff883df8000 	C:\WINDOWS\SYSTEM32\CRYPTSP.dll
0x00007ff8834c0000 - 0x00007ff8834f8000 	C:\WINDOWS\system32\rsaenh.dll
0x00007ff8843d0000 - 0x00007ff8843fe000 	C:\WINDOWS\SYSTEM32\USERENV.dll
0x00007ff883d10000 - 0x00007ff883d1c000 	C:\WINDOWS\SYSTEM32\CRYPTBASE.dll
0x00007ff883880000 - 0x00007ff8838bb000 	C:\WINDOWS\SYSTEM32\IPHLPAPI.DLL
0x00007ff886260000 - 0x00007ff886268000 	C:\WINDOWS\System32\NSI.dll
0x00007ff862250000 - 0x00007ff86225a000 	C:\Program Files\Eclipse Adoptium\jdk-21.0.0.35-hotspot\bin\management.dll
0x00007ff861ef0000 - 0x00007ff861efb000 	C:\Program Files\Eclipse Adoptium\jdk-21.0.0.35-hotspot\bin\management_ext.dll
0x00007ff885440000 - 0x00007ff885448000 	C:\WINDOWS\System32\PSAPI.DLL
0x00007ff861470000 - 0x00007ff861477000 	C:\Program Files\Eclipse Adoptium\jdk-21.0.0.35-hotspot\bin\extnet.dll
0x00007ff8609a0000 - 0x00007ff8609b0000 	C:\Program Files\Eclipse Adoptium\jdk-21.0.0.35-hotspot\bin\verify.dll

dbghelp: loaded successfully - version: 4.0.5 - missing functions: none
symbol engine: initialized successfully - sym options: 0x614 - pdb path: .;C:\Program Files\Eclipse Adoptium\jdk-21.0.0.35-hotspot\bin;C:\WINDOWS\SYSTEM32;C:\WINDOWS\WinSxS\amd64_microsoft.windows.common-controls_6595b64144ccf1df_6.0.19041.5915_none_60b4b9d171f9c7c7;C:\Program Files\Eclipse Adoptium\jdk-21.0.0.35-hotspot\bin\server

VM Arguments:
jvm_args: -XX:TieredStopAtLevel=1 -Dfile.encoding=windows-1251 -Duser.country=RU -Duser.language=ru -Duser.variant 
java_command: com.freddypizza.website.ApplicationKt
java_class_path (initial): D:\Desktop\freddy-pizza-website\backend\build\classes\java\main;D:\Desktop\freddy-pizza-website\backend\build\classes\kotlin\main;D:\Desktop\freddy-pizza-website\backend\build\resources\main;C:\Users\Petro\.gradle\caches\modules-2\files-2.1\io.jsonwebtoken\jjwt-jackson\0.12.5\1b3e39349c8508272760a7b4cdf6053083ed3f6\jjwt-jackson-0.12.5.jar;C:\Users\Petro\.gradle\caches\modules-2\files-2.1\org.flywaydb\flyway-database-postgresql\10.20.1\6072b9a325858f57c7b88b96f6ee2aacae16ffaa\flyway-database-postgresql-10.20.1.jar;C:\Users\Petro\.gradle\caches\modules-2\files-2.1\org.flywaydb\flyway-core\10.20.1\27c35cad285433947ef986c615ce2742f69145de\flyway-core-10.20.1.jar;C:\Users\Petro\.gradle\caches\modules-2\files-2.1\com.fasterxml.jackson.dataformat\jackson-dataformat-toml\2.18.3\336d144daa471ab11a7672f68565b6afb6914ced\jackson-dataformat-toml-2.18.3.jar;C:\Users\Petro\.gradle\caches\modules-2\files-2.1\org.springdoc\springdoc-openapi-starter-webmvc-ui\2.8.6\1f1e83afb8c6b37777dd8f0b10cb4670b0f05628\springdoc-openapi-starter-webmvc-ui-2.8.6.jar;C:\Users\Petro\.gradle\caches\modules-2\files-2.1\org.springdoc\springdoc-openapi-starter-webmvc-api\2.8.6\d28bee4cccfebc0ac028c646bb54cac4c151765c\springdoc-openapi-starter-webmvc-api-2.8.6.jar;C:\Users\Petro\.gradle\caches\modules-2\files-2.1\org.springdoc\springdoc-openapi-starter-common\2.8.6\880d794edd3254766e9a12daad41d75add0073d9\springdoc-openapi-starter-common-2.8.6.jar;C:\Users\Petro\.gradle\caches\modules-2\files-2.1\io.swagger.core.v3\swagger-core-jakarta\2.2.29\ad7a3b076125ecd61aa19cfe802d174d57f29f10\swagger-core-jakarta-2.2.29.jar;C:\Users\Petro\.gradle\caches\modules-2\files-2.1\com.fasterxml.jackson.datatype\jackson-datatype-jsr310\2.18.3\cc57924cccf42fc852081c36215272f84ffcd991\jackson-datatype-jsr310-2.18.3.jar;C:\Users\Petro\.gradle\caches\modules-2\files-2.1\com.fasterxml.jackson.datatype\jackson-datatype-jdk8\2.18.3\621558295660935134b171ce2b0d9ad6842ec2ff\jackson-datatype-jdk8-2.18.3.jar;C:\Users\Petro\.gradle\caches\modules-2\files-2.1\com.fasterxml.jackson.module\jackson-module-parameter-names\2.18.3\fa63ae5eb3956b1a6d7a7ead2b513af89dea22e7\jackson-module-parameter-names-2.18.3.jar;C:\Users\Petro\.gradle\caches\modules-2\files-2.1\com.fasterxml.jackson.dataformat\jackson-dataformat-yaml\2.18.3\66658356a375664262c227dad09adc51dbc09c54\jackson-dataformat-yaml-2.18.3.jar;C:\Users\Petro\.gradle\caches\modules-2\files-2.1\com.fasterxml.jackson.core\jackson-databind\2.18.3\537e3886263e3b3464385040453e92567fd509e2\jackson-databind-2.18.3.jar;C:\Users\Petro\.gradle\caches\modules-2\files-2.1\io.swagger.core.v3\swagger-models-jakarta\2.2.29\2225e869eb78ddd039dd5abc2e5c9bd9abca2114\swagger-models-jakarta-2.2.29.jar;C:\Users\Petro\.gradle\caches\modules-2\files-2.1\com.fasterxml.jackson.core\jackson-annotations\2.18.3\7fa21cf7da4598f8240e4ebd9779249622af1acd\jackson-annotations-2.18.3.jar;C:\Users\Petro\.gradle\caches\modules-2\files-2.1\com.fasterxml.jackson.core\jackson-core\2.18.3\78f80c259268200e588aa204dd97ecf09b76916e\jackson-core-2.18.3.jar;C:\Users\Petro\.gradle\caches\modules-2\files-2.1\com.fasterxml.jackson.module\jackson-module-kotlin\2.18.3\d79c117605fc157ec32ec9774690bb3e493938ce\jackson-module-kotlin-2.18.3.jar;C:\Users\Petro\.gradle\caches\modules-2\files-2.1\org.jetbrains.kotlin\kotlin-reflect\1.9.25\73023c38b7b20430232893cf9b556dc8486e07a4\kotlin-reflect-1.9.25.jar;C:\Users\Petro\.gradle\caches\modules-2\files-2.1\org.jetbrains.kotlin\kotlin-stdlib\1.9.25\f700a2f2b8f0d6d0fde48f56d894dc722fb029d7\kotlin-stdlib-1.9.25.jar;C:\Users\Petro\.gradle\caches\modules-2\files-2.1\io.jsonwebtoken\jjwt-impl\0.12.5\b4ceb5407a360e0eb7ba6fa6c6452abadf6c120a\jjwt-impl-0.12.5.jar;C:\Users\Petro\.gradle\caches\modules-2\files-2.1\io.jsonwebtoken\jjwt-api\0.12.5\ea8243e36f16c2834ad69a048ed8a24aa9dd3e79\jjwt-api-0.12.5.jar;C:\Users\Petro\.gradle\caches\modules-2\files-2.1\org.postgresql\postgresql\42.7.5\747897987b86c741fb8b56f6b81929ae1e6e4b46\postgresql-42.7.5.jar;C:\Users\Petro\.gradle\caches\modules-2\files-2.1\org.jetbrains\annotations\13.0\919f0dfe192fb4e063e7dacadee7f8bb9a2672a9\annotations-13.0.jar;C:\Users\Petro\.gradle\caches\modules-2\files-2.1\org.hibernate.orm\hibernate-core\6.6.11.Final\d5330ab0dd5f5cc810086b7fb66cec8b2d2f5213\hibernate-core-6.6.11.Final.jar;C:\Users\Petro\.gradle\caches\modules-2\files-2.1\org.springframework.data\spring-data-jpa\3.4.4\50f826d0dd60af289321bde6f5eea8fc48131c75\spring-data-jpa-3.4.4.jar;C:\Users\Petro\.gradle\caches\modules-2\files-2.1\org.springframework\spring-aspects\6.2.5\971b57bb59d4890a3db5f1e20f89effa7df8c149\spring-aspects-6.2.5.jar;C:\Users\Petro\.gradle\caches\modules-2\files-2.1\org.springframework\spring-webmvc\6.2.5\db8f1171041d7091f3de80cffdfb9d6c5fbf3015\spring-webmvc-6.2.5.jar;C:\Users\Petro\.gradle\caches\modules-2\files-2.1\org.springframework.security\spring-security-web\6.4.4\b33b3eba22ef5242caef0cf3c0575b0cc303519b\spring-security-web-6.4.4.jar;C:\Users\Petro\.gradle\caches\modules-2\files-2.1\org.springframework\spring-web\6.2.5\b42d2c0acbe05bad4c849883aa8816c25b6c1d94\spring-web-6.2.5.jar;C:\Users\Petro\.gradle\caches\modules-2\files-2.1\org.springframework.security\spring-security-config\6.4.4\2bb5d949fc3b935a88c701555fdc3af3d0381228\spring-security-config-6.4.4.jar;C:\Users\Petro\.gradle\caches\modules-2\files-2.1\org.springframework.boot\spring-boot-autoconfigure\3.4.4\5ebc8c0682374768ee6eac9acf12f41e76762207\spring-boot-autoconfigure-3.4.4.jar;C:\Users\Petro\.gradle\caches\modules-2\files-2.1\org.springframework.boot\spring-boot\3.4.4\f9dbe14c2e5e35a2cd27156802ea6b7c42ab34fd\spring-boot-3.4.4.jar;C:\Users\Petro\.gradle\caches\modules-2\files-2.1\org.springframework.security\spring-security-core\6.4.4\adccc33ba9baf99b4e42436424a4013f89a8806a\spring-security-core-6.4.4.jar;C:\Users\Petro\.gradle\caches\modules-2\files-2.1\org.springframework\spring-context\6.2.5\237de0c3afca2099ab497cc7464726c02b8ab5c5\spring-context-6.2.5.jar;C:\Users\Petro\.gradle\caches\modules-2\files-2.1\org.springframework\spring-aop\6.2.5\9f436be65bf45ee8643d93e6823d6c81e8f9f91a\spring-aop-6.2.5.jar;C:\Users\Petro\.gradle\caches\modules-2\files-2.1\org.webjars\swagger-ui\5.20.1\cedf7971d2dc4ea4948ac379cc33ea5a8666172b\swagger-ui-5.20.1.jar;C:\Users\Petro\.gradle\caches\modules-2\files-2.1\org.webjars\webjars-locator-lite\1.0.1\b4389136604123d4fe4199cc29b94a33206996bc\webjars-locator-lite-1.0.1.jar;C:\Users\Petro\.gradle\caches\modules-2\files-2.1\org.checkerframework\checker-qual\3.48.3\c48effe7d78de3cf5e8a98c614281ec6a2466a77\checker-qual-3.48.3.jar;C:\Users\Petro\.gradle\caches\modules-2\files-2.1\jakarta.annotation\jakarta.annotation-api\2.1.1\48b9bda22b091b1f48b13af03fe36db3be6e1ae3\jakarta.annotation-api-2.1.1.jar;C:\Users\Petro\.gradle\caches\modules-2\files-2.1\org.springframework\spring-orm\6.2.5\b2edc79b16b9cad32666dfdc8cc92896429b9c\spring-orm-6.2.5.jar;C:\Users\Petro\.gradle\caches\modules-2\files-2.1\org.springframework\spring-jdbc\6.2.5\6eef7c5ac8266aa308522568d98669d82e8ef61f\spring-jdbc-6.2.5.jar;C:\Users\Petro\.gradle\caches\modules-2\files-2.1\org.springframework.data\spring-data-commons\3.4.4\24bb91254820f1dd3087ae95667e9bb0a6942b23\spring-data-commons-3.4.4.jar;C:\Users\Petro\.gradle\caches\modules-2\files-2.1\org.springframework\spring-tx\6.2.5\99ecc1c976f58ad63df7205e18eac628f2f1fa9a\spring-tx-6.2.5.jar;C:\Users\Petro\.gradle\caches\modules-2\files-2.1\org.springframework\spring-beans\6.2.5\6f8eb671d9905da5a73bc9ab7e703e9fed6a0c3f\spring-beans-6.2.5.jar;C:\Users\Petro\.gradle\caches\modules-2\files-2.1\org.springframework\spring-expression\6.2.5\cb39181911dabe3b3d9992c4b4da38468726ea72\spring-expression-6.2.5.jar;C:\Users\Petro\.gradle\caches\modules-2\files-2.1\org.springframework\spring-core\6.2.5\d6786db7122037bf605e54e3b35f262a19b8d502\spring-core-6.2.5.jar;C:\Users\Petro\.gradle\caches\modules-2\files-2.1\org.yaml\snakeyaml\2.3\936b36210e27320f920536f695cf1af210c44586\snakeyaml-2.3.jar;C:\Users\Petro\.gradle\caches\modules-2\files-2.1\com.zaxxer\HikariCP\5.1.0\8c96e36c14461fc436bb02b264b96ef3ca5dca8c\HikariCP-5.1.0.jar;C:\Users\Petro\.gradle\caches\modules-2\files-2.1\jakarta.persistence\jakarta.persistence-api\3.1.0\66901fa1c373c6aff65c13791cc11da72060a8d6\jakarta.persistence-api-3.1.0.jar;C:\Users\Petro\.gradle\caches\modules-2\files-2.1\jakarta.transaction\jakarta.transaction-api\2.0.1\51a520e3fae406abb84e2e1148e6746ce3f80a1a\jakarta.transaction-api-2.0.1.jar;C:\Users\Petro\.gradle\caches\modules-2\files-2.1\org.jboss.logging\jboss-logging\3.6.1.Final\886afbb445b4016a37c8960a7aef6ebd769ce7e5\jboss-logging-3.6.1.Final.jar;C:\Users\Petro\.gradle\caches\modules-2\files-2.1\org.hibernate.common\hibernate-commons-annotations\7.0.3.Final\e183c4be8bb41d12e9f19b374e00c34a0a85f439\hibernate-commons-annotations-7.0.3.Final.jar;C:\Users\Petro\.gradle\caches\modules-2\files-2.1\io.smallrye\jandex\3.2.0\f17ad860f62a08487b9edabde608f8ac55c62fa7\jandex-3.2.0.jar;C:\Users\Petro\.gradle\caches\modules-2\files-2.1\com.fasterxml\classmate\1.7.0\e98374da1f2143ac8e6e0a95036994bb19137a3\classmate-1.7.0.jar;C:\Users\Petro\.gradle\caches\modules-2\files-2.1\net.bytebuddy\byte-buddy\1.15.11\f61886478e0f9ee4c21d09574736f0ff45e0a46c\byte-buddy-1.15.11.jar;C:\Users\Petro\.gradle\caches\modules-2\files-2.1\org.glassfish.jaxb\jaxb-runtime\4.0.5\ca84c2a7169b5293e232b9d00d1e4e36d4c3914a\jaxb-runtime-4.0.5.jar;C:\Users\Petro\.gradle\caches\modules-2\files-2.1\org.glassfish.jaxb\jaxb-core\4.0.5\7b4b11ea5542eea4ad55e1080b23be436795b3\jaxb-core-4.0.5.jar;C:\Users\Petro\.gradle\caches\modules-2\files-2.1\jakarta.xml.bind\jakarta.xml.bind-api\4.0.2\6cd5a999b834b63238005b7144136379dc36cad2\jakarta.xml.bind-api-4.0.2.jar;C:\Users\Petro\.gradle\caches\modules-2\files-2.1\jakarta.inject\jakarta.inject-api\2.0.1\4c28afe1991a941d7702fe1362c365f0a8641d1e\jakarta.inject-api-2.0.1.jar;C:\Users\Petro\.gradle\caches\modules-2\files-2.1\org.antlr\antlr4-runtime\4.13.0\5a02e48521624faaf5ff4d99afc88b01686af655\antlr4-runtime-4.13.0.jar;C:\Users\Petro\.gradle\caches\modules-2\files-2.1\ch.qos.logback\logback-classic\1.5.18\fc371f3fc97a639de2d67947cffb7518ec5e3d40\logback-classic-1.5.18.jar;C:\Users\Petro\.gradle\caches\modules-2\files-2.1\org.apache.logging.log4j\log4j-to-slf4j\2.24.3\da1143e2a2531ee1c2d90baa98eb50a28a39d5a7\log4j-to-slf4j-2.24.3.jar;C:\Users\Petro\.gradle\caches\modules-2\files-2.1\org.slf4j\jul-to-slf4j\2.0.17\524cb6ccc2b68a57604750e1ab8b13b5a786a6aa\jul-to-slf4j-2.0.17.jar;C:\Users\Petro\.gradle\caches\modules-2\files-2.1\org.slf4j\slf4j-api\2.0.17\d9e58ac9c7779ba3bf8142aff6c830617a7fe60f\slf4j-api-2.0.17.jar;C:\Users\Petro\.gradle\caches\modules-2\files-2.1\org.aspectj\aspectjweaver\1.9.23\5b2fd88a62b334f51ac7d002b57dfccd68b22724\aspectjweaver-1.9.23.jar;C:\Users\Petro\.gradle\caches\modules-2\files-2.1\org.apache.tomcat.embed\tomcat-embed-websocket\10.1.39\abf50abbbae651f95dfcf9fae05f919bfa9b7046\tomcat-embed-websocket-10.1.39.jar;C:\Users\Petro\.gradle\caches\modules-2\files-2.1\org.apache.tomcat.embed\tomcat-embed-core\10.1.39\f6acead04214d5aaea82c2639392208df33b3abe\tomcat-embed-core-10.1.39.jar;C:\Users\Petro\.gradle\caches\modules-2\files-2.1\org.apache.tomcat.embed\tomcat-embed-el\10.1.39\88ff05c768c4654097ab0a9f2b49368a0877ad76\tomcat-embed-el-10.1.39.jar;C:\Users\Petro\.gradle\caches\modules-2\files-2.1\io.micrometer\micrometer-observation\1.14.5\b23dff6bf07a29f67fdae8f3f3f8f1c78fa7b126\micrometer-observation-1.14.5.jar;C:\Users\Petro\.gradle\caches\modules-2\files-2.1\org.jspecify\jspecify\1.0.0\7425a601c1c7ec76645a78d22b8c6a627edee507\jspecify-1.0.0.jar;C:\Users\Petro\.gradle\caches\modules-2\files-2.1\org.springframework\spring-jcl\6.2.5\1b8db3715dc78bd18b60869458d5ee8829ad8e99\spring-jcl-6.2.5.jar;C:\Users\Petro\.gradle\caches\modules-2\files-2.1\org.eclipse.angus\angus-activation\2.0.2\41f1e0ddd157c856926ed149ab837d110955a9fc\angus-activation-2.0.2.jar;C:\Users\Petro\.gradle\caches\modules-2\files-2.1\jakarta.activation\jakarta.activation-api\2.1.3\fa165bd70cda600368eee31555222776a46b881f\jakarta.activation-api-2.1.3.jar;C:\Users\Petro\.gradle\caches\modules-2\files-2.1\io.micrometer\micrometer-commons\1.14.5\6201a40489ccedc9539c5f7a2c84e9e64702bf10\micrometer-commons-1.14.5.jar;C:\Users\Petro\.gradle\caches\modules-2\files-2.1\org.springframework.security\spring-security-crypto\6.4.4\914088f7c73375ee02cbe69c159b6460dc2f346b\spring-security-crypto-6.4.4.jar;C:\Users\Petro\.gradle\caches\modules-2\files-2.1\ch.qos.logback\logback-core\1.5.18\6c0375624f6f36b4e089e2488ba21334a11ef13f\logback-core-1.5.18.jar;C:\Users\Petro\.gradle\caches\modules-2\files-2.1\org.apache.logging.log4j\log4j-api\2.24.3\b02c125db8b6d295adf72ae6e71af5d83bce2370\log4j-api-2.24.3.jar;C:\Users\Petro\.gradle\caches\modules-2\files-2.1\org.glassfish.jaxb\txw2\4.0.5\f36a4ef12120a9bb06d766d6a0e54b144fd7ed98\txw2-4.0.5.jar;C:\Users\Petro\.gradle\caches\modules-2\files-2.1\com.sun.istack\istack-commons-runtime\4.1.2\18ec117c85f3ba0ac65409136afa8e42bc74e739\istack-commons-runtime-4.1.2.jar;C:\Users\Petro\.gradle\caches\modules-2\files-2.1\org.apache.commons\commons-lang3\3.17.0\b17d2136f0460dcc0d2016ceefca8723bdf4ee70\commons-lang3-3.17.0.jar;C:\Users\Petro\.gradle\caches\modules-2\files-2.1\io.swagger.core.v3\swagger-annotations-jakarta\2.2.29\e2718102ee6e460c41527ee9a4e0e5ee4ba999df\swagger-annotations-jakarta-2.2.29.jar;C:\Users\Petro\.gradle\caches\modules-2\files-2.1\jakarta.validation\jakarta.validation-api\3.0.2\92b6631659ba35ca09e44874d3eb936edfeee532\jakarta.validation-api-3.0.2.jar
Launcher Type: SUN_STANDARD

[Global flags]
     intx CICompilerCount                          = 4                                         {product} {ergonomic}
     uint ConcGCThreads                            = 2                                         {product} {ergonomic}
     uint G1ConcRefinementThreads                  = 8                                         {product} {ergonomic}
   size_t G1HeapRegionSize                         = 2097152                                   {product} {ergonomic}
    uintx GCDrainStackTargetSize                   = 64                                        {product} {ergonomic}
   size_t InitialHeapSize                          = 268435456                                 {product} {ergonomic}
   size_t MarkStackSize                            = 4194304                                   {product} {ergonomic}
   size_t MaxHeapSize                              = 4286578688                                {product} {ergonomic}
   size_t MaxNewSize                               = 2571108352                                {product} {ergonomic}
   size_t MinHeapDeltaBytes                        = 2097152                                   {product} {ergonomic}
   size_t MinHeapSize                              = 8388608                                   {product} {ergonomic}
    uintx NonNMethodCodeHeapSize                   = 4096                                   {pd product} {ergonomic}
    uintx NonProfiledCodeHeapSize                  = 0                                      {pd product} {ergonomic}
     bool ProfileInterpreter                       = false                                  {pd product} {command line}
    uintx ProfiledCodeHeapSize                     = 0                                      {pd product} {ergonomic}
   size_t SoftMaxHeapSize                          = 4286578688                             {manageable} {ergonomic}
     intx TieredStopAtLevel                        = 1                                         {product} {command line}
     bool UseCompressedOops                        = true                           {product lp64_product} {ergonomic}
     bool UseG1GC                                  = true                                      {product} {ergonomic}
     bool UseLargePagesIndividualAllocation        = false                                  {pd product} {ergonomic}

Logging:
Log output configuration:
 #0: stdout all=warning uptime,level,tags foldmultilines=false
 #1: stderr all=off uptime,level,tags foldmultilines=false

Environment Variables:
PATH=D:\CUDA toolkit\bin;D:\CUDA toolkit\libnvvp;C:\Program Files\Eclipse Adoptium\jdk-21.0.0.35-hotspot\bin;C:\Program Files\Common Files\Oracle\Java\javapath;C:\ProgramData\Oracle\Java\javapath;C:\Windows\system32;C:\Windows;C:\Windows\System32\Wbem;C:\Windows\System32\WindowsPowerShell\v1.0\;C:\Windows\System32\OpenSSH\;C:\WINDOWS\system32;C:\WINDOWS;C:\WINDOWS\System32\Wbem;C:\WINDOWS\System32\WindowsPowerShell\v1.0\;C:\WINDOWS\System32\OpenSSH\;C:\Program Files\NVIDIA Corporation\NVIDIA NvDLISR;C:\Program Files\Git\cmd;C:\Program Files\dotnet\;C:\Gradle\gradle-8.10.2\bin;C:\mingw64\bin;C:\Program Files\WireGuard\;C:\Program Files (x86)\NVIDIA Corporation\PhysX\Common;D:\cmake-4.0.1-windows-x86_64\bin;C:\Users\Petro\AppData\Local\Programs\Python\Python311\;C:\Users\Petro\AppData\Local\Programs\Python\Python311\Scripts\;C:\Program Files\NVIDIA Corporation\Nsight Compute 2025.1.1\;C:\Program Files\NVIDIA Corporation\NVIDIA app\NvDLISR;C:\Program Files (x86)\Microsoft Visual Studio\2022\BuildTools\VC\Tools\MSVC\14.43.34808\bin\Hostx64\x64;C:\Program Files\PowerShell\7-preview\preview;C:\Program Files\PowerShell\7\;C:\Program Files\nodejs\;C:\Program Files\Docker\Docker\resources\bin;D:\Putty\;C:\Users\Petro\AppData\Local\Microsoft\WindowsApps;C:\Users\Petro\AppData\Local\JetBrains\Toolbox\scripts;C:\Users\Petro\.dotnet\tools;C:\Users\Petro\AppData\Local\GitHubDesktop\bin;C:\Users\Petro\AppData\Local\Programs\Microsoft VS Code\bin;C:\Users\Petro\AppData\Roaming\npm
USERNAME=Petro
OS=Windows_NT
PROCESSOR_IDENTIFIER=AMD64 Family 21 Model 2 Stepping 0, AuthenticAMD
TMP=C:\Users\Petro\AppData\Local\Temp
TEMP=C:\Users\Petro\AppData\Local\Temp




---------------  S Y S T E M  ---------------

OS:
 Windows 10 , 64 bit Build 19041 (10.0.19041.5915)
OS uptime: 0 days 19:50 hours
Hyper-V role detected

CPU: total 8 (initial active 8) (8 cores per cpu, 1 threads per core) family 21 model 2 stepping 0 microcode 0x0, cx8, cmov, fxsr, mmx, 3dnowpref, sse, sse2, sse3, ssse3, sse4a, sse4.1, sse4.2, popcnt, lzcnt, tsc, tscinvbit, avx, aes, clmul, bmi1, fma, vzeroupper, clflush, hv, rdtscp, f16c
Processor Information for all 8 processors :
  Max Mhz: 3793, Current Mhz: 3793, Mhz Limit: 3793

Memory: 4k page, system-wide physical 16345M (5136M free)
TotalPageFile size 24345M (AvailPageFile size 9398M)
current process WorkingSet (physical memory assigned to process): 225M, peak: 225M
current process commit charge ("private bytes"): 267M, peak: 381M

vm_info: OpenJDK 64-Bit Server VM (21+35-LTS) for windows-amd64 JRE (21+35-LTS), built on 2023-09-19T00:00:00Z by "admin" with unknown MS VC++:1937

END.
